TN:
SF:arrays.js
FN:1,(anonymous_0)
FN:5,(anonymous_1)
FNF:2
FNH:2
FNDA:1,(anonymous_0)
FNDA:4,(anonymous_1)
DA:1,1
DA:2,1
DA:5,1
DA:6,4
DA:9,1
LF:5
LH:5
BRF:0
BRH:0
end_of_record
TN:
SF:callbacks.js
FN:1,greetUser
FNF:1
FNH:1
FNDA:1,greetUser
DA:2,1
DA:5,1
LF:2
LH:2
BRF:0
BRH:0
end_of_record
TN:
SF:math.js
FN:1,(anonymous_0)
FN:5,(anonymous_1)
FN:9,(anonymous_2)
FNF:3
FNH:3
FNDA:4,(anonymous_0)
FNDA:1,(anonymous_1)
FNDA:1,(anonymous_2)
DA:1,1
DA:2,4
DA:5,1
DA:6,1
DA:9,1
DA:10,1
DA:13,1
LF:7
LH:7
BRF:0
BRH:0
end_of_record
TN:
SF:object.js
FN:1,(anonymous_0)
FN:2,(anonymous_1)
FN:5,(anonymous_2)
FN:7,(anonymous_3)
FNF:4
FNH:4
FNDA:2,(anonymous_0)
FNDA:4,(anonymous_1)
FNDA:2,(anonymous_2)
FNDA:4,(anonymous_3)
DA:1,1
DA:2,4
DA:5,1
DA:6,2
DA:8,4
DA:13,1
LF:6
LH:6
BRDA:8,0,0,4
BRDA:8,0,1,4
BRDA:8,0,2,2
BRDA:8,0,3,2
BRF:4
BRH:4
end_of_record
TN:
SF:tests/test-data.js
FNF:0
FNH:0
DA:1,1
DA:18,1
DA:35,1
LF:3
LH:3
BRF:0
BRH:0
end_of_record
